Building DAG of jobs...
Using shell: /usr/bin/bash
Provided cluster nodes: 99
Job stats:
job         count    min threads    max threads
--------  -------  -------------  -------------
all             1              1              1
checkm          2              8              8
metabat2        2             16             16
total           5              1             16

Resources before job selection: {'_cores': 9223372036854775807, '_nodes': 99}
Ready jobs (2)
Select jobs to execute...
Selected jobs (2)
Resources after job selection: {'_cores': 9223372036854775775, '_nodes': 97}

[Fri Oct 20 14:11:34 2023]
rule metabat2:
    input: /cfs/klemming/scratch/e/erikzhi/project/test_dataset/metagenomic_assemblies/ERR599144.scaffolds.min1000.fasta.gz
    output: /cfs/klemming/scratch/e/erikzhi/project/magpipe-master/outputs/metagenomes/test_dataset/ERR599144/metabat2_a2_c2k_e500/metabat2_a2_c2k_e500.tmp_assembly.fasta, /cfs/klemming/scratch/e/erikzhi/project/magpipe-master/outputs/metagenomes/test_dataset/ERR599144/metabat2_a2_c2k_e500/metabat2_a2_c2k_e500.tmp_assembly.seqtkcomp, /cfs/klemming/scratch/e/erikzhi/project/magpipe-master/outputs/metagenomes/test_dataset/ERR599144/metabat2_a2_c2k_e500/ERR599144-metabat2_a2_c2k_e500-bins.done
    log: /cfs/klemming/scratch/e/erikzhi/project/magpipe-master/outputs/metagenomes/test_dataset/ERR599144/metabat2_a2_c2k_e500/ERR599144-metabat2_a2_c2k_e500-metabat2.log, /cfs/klemming/scratch/e/erikzhi/project/magpipe-master/outputs/metagenomes/test_dataset/ERR599144/metabat2_a2_c2k_e500/ERR599144-metabat2_a2_c2k_e500-metabat2.command, /cfs/klemming/scratch/e/erikzhi/project/magpipe-master/outputs/metagenomes/test_dataset/ERR599144/metabat2_a2_c2k_e500/ERR599144-metabat2_a2_c2k_e500-metabat2.qout, /cfs/klemming/scratch/e/erikzhi/project/magpipe-master/outputs/metagenomes/test_dataset/ERR599144/metabat2_a2_c2k_e500/ERR599144-metabat2_a2_c2k_e500-metabat2.qerr
    jobid: 4
    benchmark: /cfs/klemming/scratch/e/erikzhi/project/magpipe-master/outputs/metagenomes/test_dataset/ERR599144/metabat2_a2_c2k_e500/ERR599144-metabat2_a2_c2k_e500-metabat2.benchmark
    reason: Missing output files: /cfs/klemming/scratch/e/erikzhi/project/magpipe-master/outputs/metagenomes/test_dataset/ERR599144/metabat2_a2_c2k_e500/ERR599144-metabat2_a2_c2k_e500-bins.done
    wildcards: dataset=test_dataset, sample=ERR599144, depth_sfx=_a2
    threads: 16
    resources: mem_mb=1000, mem_mib=954, disk_mb=1000, disk_mib=954, tmpdir=<TBD>, load=20, mem=2000, scratch=500, time=60

Jobscript:
#!/bin/sh
# properties = {"type": "single", "rule": "metabat2", "local": false, "input": ["/cfs/klemming/scratch/e/erikzhi/project/test_dataset/metagenomic_assemblies/ERR599144.scaffolds.min1000.fasta.gz"], "output": ["/cfs/klemming/scratch/e/erikzhi/project/magpipe-master/outputs/metagenomes/test_dataset/ERR599144/metabat2_a2_c2k_e500/metabat2_a2_c2k_e500.tmp_assembly.fasta", "/cfs/klemming/scratch/e/erikzhi/project/magpipe-master/outputs/metagenomes/test_dataset/ERR599144/metabat2_a2_c2k_e500/metabat2_a2_c2k_e500.tmp_assembly.seqtkcomp", "/cfs/klemming/scratch/e/erikzhi/project/magpipe-master/outputs/metagenomes/test_dataset/ERR599144/metabat2_a2_c2k_e500/ERR599144-metabat2_a2_c2k_e500-bins.done"], "wildcards": {"dataset": "test_dataset", "sample": "ERR599144", "depth_sfx": "_a2"}, "params": {"bins_dir": "/cfs/klemming/scratch/e/erikzhi/project/magpipe-master/outputs/metagenomes/test_dataset/ERR599144/metabat2_a2_c2k_e500/bins/", "prefix": "/cfs/klemming/scratch/e/erikzhi/project/magpipe-master/outputs/metagenomes/test_dataset/ERR599144/metabat2_a2_c2k_e500/bins/ERR599144-metabat2_a2_c2k_e500", "depthfile": "/cfs/klemming/scratch/e/erikzhi/project/test_dataset/depth_files/ERR599144.depth", "scripts": "/cfs/klemming/scratch/e/erikzhi/project/magpipe-master/scripts", "min_bin_length": "200000", "min_contig_size": "2000", "max_edges": "500", "min_cv": "1"}, "log": ["/cfs/klemming/scratch/e/erikzhi/project/magpipe-master/outputs/metagenomes/test_dataset/ERR599144/metabat2_a2_c2k_e500/ERR599144-metabat2_a2_c2k_e500-metabat2.log", "/cfs/klemming/scratch/e/erikzhi/project/magpipe-master/outputs/metagenomes/test_dataset/ERR599144/metabat2_a2_c2k_e500/ERR599144-metabat2_a2_c2k_e500-metabat2.command", "/cfs/klemming/scratch/e/erikzhi/project/magpipe-master/outputs/metagenomes/test_dataset/ERR599144/metabat2_a2_c2k_e500/ERR599144-metabat2_a2_c2k_e500-metabat2.qout", "/cfs/klemming/scratch/e/erikzhi/project/magpipe-master/outputs/metagenomes/test_dataset/ERR599144/metabat2_a2_c2k_e500/ERR599144-metabat2_a2_c2k_e500-metabat2.qerr"], "threads": 16, "resources": {"mem_mb": 1000, "mem_mib": 954, "disk_mb": 1000, "disk_mib": 954, "tmpdir": "<TBD>", "load": 20, "mem": 2000, "scratch": 500, "time": 60}, "jobid": 4, "cluster": {"jobname": "metabat2.dataset=test_dataset,depth_sfx=_a2,sample=ERR599144", "nodes": 1, "ntaskspernode": 1, "cpuspertask": 1, "mempercpu": "1000mb", "time": "00:05:00", "account": "naiss2023-22-585", "partition": "shared", "output": "/cfs/klemming/scratch/e/erikzhi/project/magpipe-master/snakes/cluster_config/snake_output.out", "mem": 3000}}
cd '/cfs/klemming/scratch/e/erikzhi/project/magpipe-master/snakes' && /cfs/klemming/home/e/erikzhi/.conda/envs/magpipe/bin/python3.1 -m snakemake --snakefile '/cfs/klemming/scratch/e/erikzhi/project/magpipe-master/snakes/magpipe_snake.smk' --target-jobs 'metabat2:dataset=test_dataset,sample=ERR599144,depth_sfx=_a2' --allowed-rules 'metabat2' --cores 'all' --attempt 1 --force-use-threads  --resources 'mem_mb=1000' 'mem_mib=954' 'disk_mb=1000' 'disk_mib=954' 'load=20' 'mem=2000' 'scratch=500' 'time=60' --wait-for-files '/cfs/klemming/scratch/e/erikzhi/project/magpipe-master/.snakemake/tmp.20lqb114' '/cfs/klemming/scratch/e/erikzhi/project/test_dataset/metagenomic_assemblies/ERR599144.scaffolds.min1000.fasta.gz' '/cfs/klemming/scratch/e/erikzhi/project/magpipe-master/.snakemake/conda/a88449ce272097fbfb81ac2458022dd5_' --force --keep-target-files --keep-remote --max-inventory-time 0 --nocolor --notemp --no-hooks --nolock --ignore-incomplete --rerun-triggers 'params' 'software-env' 'code' 'mtime' 'input' --skip-script-cleanup  --use-conda  --conda-frontend 'mamba' --conda-base-path '/pdc/software/22.06/eb/software/anaconda3/2022.05' --wrapper-prefix 'https://github.com/snakemake/snakemake-wrappers/raw/' --configfiles '/cfs/klemming/scratch/e/erikzhi/project/magpipe-master/configs/test_config.yaml' --latency-wait 20 --scheduler 'ilp' --scheduler-solver-path '/cfs/klemming/home/e/erikzhi/.conda/envs/magpipe/bin' --default-resources 'mem_mb=max(2*input.size_mb, 1000)' 'disk_mb=max(2*input.size_mb, 1000)' 'tmpdir=system_tmpdir' --mode 2 && touch '/cfs/klemming/scratch/e/erikzhi/project/magpipe-master/.snakemake/tmp.20lqb114/4.jobfinished' || (touch '/cfs/klemming/scratch/e/erikzhi/project/magpipe-master/.snakemake/tmp.20lqb114/4.jobfailed'; exit 1)

Submitted job 4 with external jobid 'Submitted batch job 2610075'.

[Fri Oct 20 14:11:34 2023]
rule metabat2:
    input: /cfs/klemming/scratch/e/erikzhi/project/test_dataset/metagenomic_assemblies/ERR598994.scaffolds.min1000.fasta.gz
    output: /cfs/klemming/scratch/e/erikzhi/project/magpipe-master/outputs/metagenomes/test_dataset/ERR598994/metabat2_a2_c2k_e500/metabat2_a2_c2k_e500.tmp_assembly.fasta, /cfs/klemming/scratch/e/erikzhi/project/magpipe-master/outputs/metagenomes/test_dataset/ERR598994/metabat2_a2_c2k_e500/metabat2_a2_c2k_e500.tmp_assembly.seqtkcomp, /cfs/klemming/scratch/e/erikzhi/project/magpipe-master/outputs/metagenomes/test_dataset/ERR598994/metabat2_a2_c2k_e500/ERR598994-metabat2_a2_c2k_e500-bins.done
    log: /cfs/klemming/scratch/e/erikzhi/project/magpipe-master/outputs/metagenomes/test_dataset/ERR598994/metabat2_a2_c2k_e500/ERR598994-metabat2_a2_c2k_e500-metabat2.log, /cfs/klemming/scratch/e/erikzhi/project/magpipe-master/outputs/metagenomes/test_dataset/ERR598994/metabat2_a2_c2k_e500/ERR598994-metabat2_a2_c2k_e500-metabat2.command, /cfs/klemming/scratch/e/erikzhi/project/magpipe-master/outputs/metagenomes/test_dataset/ERR598994/metabat2_a2_c2k_e500/ERR598994-metabat2_a2_c2k_e500-metabat2.qout, /cfs/klemming/scratch/e/erikzhi/project/magpipe-master/outputs/metagenomes/test_dataset/ERR598994/metabat2_a2_c2k_e500/ERR598994-metabat2_a2_c2k_e500-metabat2.qerr
    jobid: 2
    benchmark: /cfs/klemming/scratch/e/erikzhi/project/magpipe-master/outputs/metagenomes/test_dataset/ERR598994/metabat2_a2_c2k_e500/ERR598994-metabat2_a2_c2k_e500-metabat2.benchmark
    reason: Missing output files: /cfs/klemming/scratch/e/erikzhi/project/magpipe-master/outputs/metagenomes/test_dataset/ERR598994/metabat2_a2_c2k_e500/ERR598994-metabat2_a2_c2k_e500-bins.done
    wildcards: dataset=test_dataset, sample=ERR598994, depth_sfx=_a2
    threads: 16
    resources: mem_mb=1000, mem_mib=954, disk_mb=1000, disk_mib=954, tmpdir=<TBD>, load=20, mem=2000, scratch=500, time=60

Jobscript:
#!/bin/sh
# properties = {"type": "single", "rule": "metabat2", "local": false, "input": ["/cfs/klemming/scratch/e/erikzhi/project/test_dataset/metagenomic_assemblies/ERR598994.scaffolds.min1000.fasta.gz"], "output": ["/cfs/klemming/scratch/e/erikzhi/project/magpipe-master/outputs/metagenomes/test_dataset/ERR598994/metabat2_a2_c2k_e500/metabat2_a2_c2k_e500.tmp_assembly.fasta", "/cfs/klemming/scratch/e/erikzhi/project/magpipe-master/outputs/metagenomes/test_dataset/ERR598994/metabat2_a2_c2k_e500/metabat2_a2_c2k_e500.tmp_assembly.seqtkcomp", "/cfs/klemming/scratch/e/erikzhi/project/magpipe-master/outputs/metagenomes/test_dataset/ERR598994/metabat2_a2_c2k_e500/ERR598994-metabat2_a2_c2k_e500-bins.done"], "wildcards": {"dataset": "test_dataset", "sample": "ERR598994", "depth_sfx": "_a2"}, "params": {"bins_dir": "/cfs/klemming/scratch/e/erikzhi/project/magpipe-master/outputs/metagenomes/test_dataset/ERR598994/metabat2_a2_c2k_e500/bins/", "prefix": "/cfs/klemming/scratch/e/erikzhi/project/magpipe-master/outputs/metagenomes/test_dataset/ERR598994/metabat2_a2_c2k_e500/bins/ERR598994-metabat2_a2_c2k_e500", "depthfile": "/cfs/klemming/scratch/e/erikzhi/project/test_dataset/depth_files/ERR598994.depth", "scripts": "/cfs/klemming/scratch/e/erikzhi/project/magpipe-master/scripts", "min_bin_length": "200000", "min_contig_size": "2000", "max_edges": "500", "min_cv": "1"}, "log": ["/cfs/klemming/scratch/e/erikzhi/project/magpipe-master/outputs/metagenomes/test_dataset/ERR598994/metabat2_a2_c2k_e500/ERR598994-metabat2_a2_c2k_e500-metabat2.log", "/cfs/klemming/scratch/e/erikzhi/project/magpipe-master/outputs/metagenomes/test_dataset/ERR598994/metabat2_a2_c2k_e500/ERR598994-metabat2_a2_c2k_e500-metabat2.command", "/cfs/klemming/scratch/e/erikzhi/project/magpipe-master/outputs/metagenomes/test_dataset/ERR598994/metabat2_a2_c2k_e500/ERR598994-metabat2_a2_c2k_e500-metabat2.qout", "/cfs/klemming/scratch/e/erikzhi/project/magpipe-master/outputs/metagenomes/test_dataset/ERR598994/metabat2_a2_c2k_e500/ERR598994-metabat2_a2_c2k_e500-metabat2.qerr"], "threads": 16, "resources": {"mem_mb": 1000, "mem_mib": 954, "disk_mb": 1000, "disk_mib": 954, "tmpdir": "<TBD>", "load": 20, "mem": 2000, "scratch": 500, "time": 60}, "jobid": 2, "cluster": {"jobname": "metabat2.dataset=test_dataset,depth_sfx=_a2,sample=ERR598994", "nodes": 1, "ntaskspernode": 1, "cpuspertask": 1, "mempercpu": "1000mb", "time": "00:05:00", "account": "naiss2023-22-585", "partition": "shared", "output": "/cfs/klemming/scratch/e/erikzhi/project/magpipe-master/snakes/cluster_config/snake_output.out", "mem": 3000}}
cd '/cfs/klemming/scratch/e/erikzhi/project/magpipe-master/snakes' && /cfs/klemming/home/e/erikzhi/.conda/envs/magpipe/bin/python3.1 -m snakemake --snakefile '/cfs/klemming/scratch/e/erikzhi/project/magpipe-master/snakes/magpipe_snake.smk' --target-jobs 'metabat2:dataset=test_dataset,sample=ERR598994,depth_sfx=_a2' --allowed-rules 'metabat2' --cores 'all' --attempt 1 --force-use-threads  --resources 'mem_mb=1000' 'mem_mib=954' 'disk_mb=1000' 'disk_mib=954' 'load=20' 'mem=2000' 'scratch=500' 'time=60' --wait-for-files '/cfs/klemming/scratch/e/erikzhi/project/magpipe-master/.snakemake/tmp.20lqb114' '/cfs/klemming/scratch/e/erikzhi/project/test_dataset/metagenomic_assemblies/ERR598994.scaffolds.min1000.fasta.gz' '/cfs/klemming/scratch/e/erikzhi/project/magpipe-master/.snakemake/conda/a88449ce272097fbfb81ac2458022dd5_' --force --keep-target-files --keep-remote --max-inventory-time 0 --nocolor --notemp --no-hooks --nolock --ignore-incomplete --rerun-triggers 'params' 'software-env' 'code' 'mtime' 'input' --skip-script-cleanup  --use-conda  --conda-frontend 'mamba' --conda-base-path '/pdc/software/22.06/eb/software/anaconda3/2022.05' --wrapper-prefix 'https://github.com/snakemake/snakemake-wrappers/raw/' --configfiles '/cfs/klemming/scratch/e/erikzhi/project/magpipe-master/configs/test_config.yaml' --latency-wait 20 --scheduler 'ilp' --scheduler-solver-path '/cfs/klemming/home/e/erikzhi/.conda/envs/magpipe/bin' --default-resources 'mem_mb=max(2*input.size_mb, 1000)' 'disk_mb=max(2*input.size_mb, 1000)' 'tmpdir=system_tmpdir' --mode 2 && touch '/cfs/klemming/scratch/e/erikzhi/project/magpipe-master/.snakemake/tmp.20lqb114/2.jobfinished' || (touch '/cfs/klemming/scratch/e/erikzhi/project/magpipe-master/.snakemake/tmp.20lqb114/2.jobfailed'; exit 1)

Submitted job 2 with external jobid 'Submitted batch job 2610076'.
